outputs/logs/manifest-merger-debug-report.txt
-- Merging decision tree log ---
manifest
ADDED from src\main\AndroidManifest.xml:2:1-25:12
INJECTED from src\main\AndroidManifest.xml:2:1-25:12
INJECTED from src\main\AndroidManifest.xml:2:1-25:12
INJECTED from src\main\AndroidManifest.xml:2:1-25:12
MERGED from [androidx.appcompat:appcompat:1.2.0] AndroidManifest.xml:17:1-24:12
MERGED from [androidx.constraintlayout:constraintlayout:1.1.3] AndroidManifest.xml:2:1-11:12
MERGED from [com.google.firebase:firebase-database:19.3.1] AndroidManifest.xml:15:1-38:12
MERGED from [com.google.firebase:firebase-messaging:20.2.4] AndroidManifest.xml:17:1-45:12
MERGED from [com.pusher:push-notifications-android:1.6.2] AndroidManifest.xml:2:1-59:12
MERGED from [com.google.firebase:firebase-auth-interop:18.0.0] AndroidManifest.xml:2:1-10:12
MERGED from [com.google.firebase:firebase-database-collection:17.0.1] AndroidManifest.xml:2:1-9:12
MERGED from [com.google.firebase:firebase-iid:20.2.3] AndroidManifest.xml:17:1-47:12
MERGED from [com.google.firebase:firebase-iid-interop:17.0.0] AndroidManifest.xml:2:1-10:12
MERGED from [com.google.android.gms:play-services-base:17.0.0] AndroidManifest.xml:17:1-29:12
MERGED from [com.google.firebase:firebase-datatransport:17.0.3] AndroidManifest.xml:15:1-34:12
MERGED from [com.google.firebase:firebase-installations:16.3.3] AndroidManifest.xml:2:1-23:12
MERGED from [com.google.firebase:firebase-common:19.3.0] AndroidManifest.xml:15:1-39:12
MERGED from [com.google.firebase:firebase-installations-interop:16.0.0] AndroidManifest.xml:15:1-23:12
MERGED from [com.google.android.gms:play-services-tasks:17.0.0] AndroidManifest.xml:2:1-9:12
MERGED from [com.google.android.gms:play-services-stats:17.0.0] AndroidManifest.xml:2:1-9:12
MERGED from [com.google.firebase:firebase-measurement-connector:18.0.0] AndroidManifest.xml:17:1-25:12
MERGED from [com.google.android.gms:play-services-basement:17.0.0] AndroidManifest.xml:17:1-28:12
MERGED from [androidx.lifecycle:lifecycle-extensions:2.0.0] AndroidManifest.xml:17:1-25:12
MERGED from [androidx.fragment:fragment:1.1.0] AndroidManifest.xml:17:1-24:12
MERGED from [androidx.appcompat:appcompat-resources:1.2.0] AndroidManifest.xml:17:1-24:12
MERGED from [androidx.drawerlayout:drawerlayout:1.0.0] AndroidManifest.xml:17:1-22:12
MERGED from [com.firebase:firebase-jobdispatcher:0.8.5] AndroidManifest.xml:17:1-42:12
MERGED from [androidx.viewpager:viewpager:1.0.0] AndroidManifest.xml:17:1-22:12
MERGED from [androidx.legacy:legacy-support-core-utils:1.0.0] AndroidManifest.xml:17:1-22:12
MERGED from [androidx.loader:loader:1.0.0] AndroidManifest.xml:17:1-22:12
MERGED from [androidx.activity:activity:1.0.0] AndroidManifest.xml:17:1-24:12
MERGED from [androidx.vectordrawable:vectordrawable-animated:1.1.0] AndroidManifest.xml:17:1-24:12
MERGED from [androidx.vectordrawable:vectordrawable:1.1.0] AndroidManifest.xml:17:1-24:12
MERGED from [androidx.customview:customview:1.0.0] AndroidManifest.xml:17:1-22:12
MERGED from [androidx.core:core:1.3.0] AndroidManifest.xml:17:1-26:12
MERGED from [androidx.cursoradapter:cursoradapter:1.0.0] AndroidManifest.xml:17:1-22:12
MERGED from [com.google.firebase:firebase-components:16.0.0] AndroidManifest.xml:15:1-23:12
MERGED from [com.google.android.datatransport:transport-backend-cct:2.2.0] AndroidManifest.xml:15:1-38:12
MERGED from [com.google.android.datatransport:transport-runtime:2.2.0] AndroidManifest.xml:15:1-41:12
MERGED from [com.google.firebase:firebase-encoders-json:16.0.0] AndroidManifest.xml:15:1-23:12
MERGED from [androidx.versionedparcelable:versionedparcelable:1.1.0] AndroidManifest.xml:17:1-27:12
MERGED from [androidx.lifecycle:lifecycle-livedata:2.0.0] AndroidManifest.xml:17:1-22:12
MERGED from [androidx.lifecycle:lifecycle-livedata-core:2.0.0] AndroidManifest.xml:17:1-22:12
MERGED from [androidx.arch.core:core-runtime:2.0.0] AndroidManifest.xml:17:1-22:12
MERGED from [androidx.lifecycle:lifecycle-process:2.0.0] AndroidManifest.xml:17:1-30:12
MERGED from [androidx.lifecycle:lifecycle-service:2.0.0] AndroidManifest.xml:17:1-22:12
MERGED from [androidx.lifecycle:lifecycle-runtime:2.1.0] AndroidManifest.xml:17:1-22:12
MERGED from [androidx.lifecycle:lifecycle-viewmodel:2.1.0] AndroidManifest.xml:17:1-22:12
MERGED from [androidx.savedstate:savedstate:1.0.0] AndroidManifest.xml:17:1-24:12
MERGED from [androidx.interpolator:interpolator:1.0.0] AndroidManifest.xml:17:1-22:12
MERGED from [androidx.documentfile:documentfile:1.0.0] AndroidManifest.xml:17:1-22:12
MERGED from [androidx.localbroadcastmanager:localbroadcastmanager:1.0.0] AndroidManifest.xml:17:1-22:12
MERGED from [androidx.print:print:1.0.0] AndroidManifest.xml:17:1-22:12
MERGED from [com.google.android.datatransport:transport-api:2.2.0] AndroidManifest.xml:15:1-22:12
INJECTED from src\main\AndroidManifest.xml:2:1-25:12
INJECTED from src\main\AndroidManifest.xml:2:1-25:12
INJECTED from src\main\AndroidManifest.xml:2:1-25:12
	package
		ADDED from src\main\AndroidManifest.xml:3:5-38
		INJECTED from src\main\AndroidManifest.xml
		INJECTED from src\main\AndroidManifest.xml
	android:versionName
		INJECTED from src\main\AndroidManifest.xml
		ADDED from src\main\AndroidManifest.xml:2:1-25:12
		INJECTED from src\main\AndroidManifest.xml
	android:versionCode
		INJECTED from src\main\AndroidManifest.xml
		ADDED from src\main\AndroidManifest.xml:2:1-25:12
		INJECTED from src\main\AndroidManifest.xml
	xmlns:android
		ADDED from src\main\AndroidManifest.xml:2:11-69
uses-permission#android.permission.INTERNET
ADDED from src\main\AndroidManifest.xml:5:5-67
MERGED from [com.google.firebase:firebase-database:19.3.1] AndroidManifest.xml:26:5-67
MERGED from [com.google.firebase:firebase-database:19.3.1] AndroidManifest.xml:26:5-67
MERGED from [com.pusher:push-notifications-android:1.6.2] AndroidManifest.xml:16:5-67
MERGED from [com.pusher:push-notifications-android:1.6.2] AndroidManifest.xml:16:5-67
MERGED from [com.google.firebase:firebase-iid:20.2.3] AndroidManifest.xml:23:5-67
MERGED from [com.google.firebase:firebase-iid:20.2.3] AndroidManifest.xml:23:5-67
MERGED from [com.google.firebase:firebase-installations:16.3.3] AndroidManifest.xml:11:5-67
MERGED from [com.google.firebase:firebase-installations:16.3.3] AndroidManifest.xml:11:5-67
MERGED from [com.google.android.datatransport:transport-backend-cct:2.2.0] AndroidManifest.xml:26:5-67
MERGED from [com.google.android.datatransport:transport-backend-cct:2.2.0] AndroidManifest.xml:26:5-67
	android:name
		ADDED from src\main\AndroidManifest.xml:5:22-64
application
ADDED from src\main\AndroidManifest.xml:7:5-23:19
MERGED from [androidx.constraintlayout:constraintlayout:1.1.3] AndroidManifest.xml:9:5-20
MERGED from [androidx.constraintlayout:constraintlayout:1.1.3] AndroidManifest.xml:9:5-20
MERGED from [com.google.firebase:firebase-database:19.3.1] AndroidManifest.xml:28:5-36:19
MERGED from [com.google.firebase:firebase-database:19.3.1] AndroidManifest.xml:28:5-36:19
MERGED from [com.google.firebase:firebase-messaging:20.2.4] AndroidManifest.xml:22:5-43:19
MERGED from [com.google.firebase:firebase-messaging:20.2.4] AndroidManifest.xml:22:5-43:19
MERGED from [com.pusher:push-notifications-android:1.6.2] AndroidManifest.xml:18:5-57:19
MERGED from [com.pusher:push-notifications-android:1.6.2] AndroidManifest.xml:18:5-57:19
MERGED from [com.google.firebase:firebase-auth-interop:18.0.0] AndroidManifest.xml:7:5-8:19
MERGED from [com.google.firebase:firebase-auth-interop:18.0.0] AndroidManifest.xml:7:5-8:19
MERGED from [com.google.firebase:firebase-iid:20.2.3] AndroidManifest.xml:28:5-45:19
MERGED from [com.google.firebase:firebase-iid:20.2.3] AndroidManifest.xml:28:5-45:19
MERGED from [com.google.firebase:firebase-iid-interop:17.0.0] AndroidManifest.xml:7:5-8:19
MERGED from [com.google.firebase:firebase-iid-interop:17.0.0] AndroidManifest.xml:7:5-8:19
MERGED from [com.google.android.gms:play-services-base:17.0.0] AndroidManifest.xml:22:5-27:19
MERGED from [com.google.android.gms:play-services-base:17.0.0] AndroidManifest.xml:22:5-27:19
MERGED from [com.google.firebase:firebase-datatransport:17.0.3] AndroidManifest.xml:24:5-32:19
MERGED from [com.google.firebase:firebase-datatransport:17.0.3] AndroidManifest.xml:24:5-32:19
MERGED from [com.google.firebase:firebase-installations:16.3.3] AndroidManifest.xml:13:5-21:19
MERGED from [com.google.firebase:firebase-installations:16.3.3] AndroidManifest.xml:13:5-21:19
MERGED from [com.google.firebase:firebase-common:19.3.0] AndroidManifest.xml:25:5-37:19
MERGED from [com.google.firebase:firebase-common:19.3.0] AndroidManifest.xml:25:5-37:19
MERGED from [com.google.android.gms:play-services-tasks:17.0.0] AndroidManifest.xml:7:5-20
MERGED from [com.google.android.gms:play-services-tasks:17.0.0] AndroidManifest.xml:7:5-20
MERGED from [com.google.android.gms:play-services-stats:17.0.0] AndroidManifest.xml:7:5-20
MERGED from [com.google.android.gms:play-services-stats:17.0.0] AndroidManifest.xml:7:5-20
MERGED from [com.google.firebase:firebase-measurement-connector:18.0.0] AndroidManifest.xml:22:5-23:19
MERGED from [com.google.firebase:firebase-measurement-connector:18.0.0] AndroidManifest.xml:22:5-23:19
MERGED from [com.google.android.gms:play-services-basement:17.0.0] AndroidManifest.xml:22:5-26:19
MERGED from [com.google.android.gms:play-services-basement:17.0.0] AndroidManifest.xml:22:5-26:19
MERGED from [androidx.lifecycle:lifecycle-extensions:2.0.0] AndroidManifest.xml:22:5-23:19
MERGED from [androidx.lifecycle:lifecycle-extensions:2.0.0] AndroidManifest.xml:22:5-23:19
MERGED from [com.firebase:firebase-jobdispatcher:0.8.5] AndroidManifest.xml:26:5-40:19
MERGED from [com.firebase:firebase-jobdispatcher:0.8.5] AndroidManifest.xml:26:5-40:19
MERGED from [androidx.core:core:1.3.0] AndroidManifest.xml:24:5-89
MERGED from [androidx.core:core:1.3.0] AndroidManifest.xml:24:5-89
MERGED from [com.google.android.datatransport:transport-backend-cct:2.2.0] AndroidManifest.xml:28:5-36:19
MERGED from [com.google.android.datatransport:transport-backend-cct:2.2.0] AndroidManifest.xml:28:5-36:19
MERGED from [com.google.android.datatransport:transport-runtime:2.2.0] AndroidManifest.xml:25:5-39:19
MERGED from [com.google.android.datatransport:transport-runtime:2.2.0] AndroidManifest.xml:25:5-39:19
MERGED from [androidx.versionedparcelable:versionedparcelable:1.1.0] AndroidManifest.xml:24:5-25:19
MERGED from [androidx.versionedparcelable:versionedparcelable:1.1.0] AndroidManifest.xml:24:5-25:19
MERGED from [androidx.lifecycle:lifecycle-process:2.0.0] AndroidManifest.xml:22:5-28:19
MERGED from [androidx.lifecycle:lifecycle-process:2.0.0] AndroidManifest.xml:22:5-28:19
	android:appComponentFactory
		ADDED from [androidx.core:core:1.3.0] AndroidManifest.xml:24:18-86
	android:supportsRtl
		ADDED from src\main\AndroidManifest.xml:12:9-35
	android:label
		ADDED from src\main\AndroidManifest.xml:10:9-41
	android:fullBackupContent
		ADDED from [com.pusher:push-notifications-android:1.6.2] AndroidManifest.xml:18:18-63
	android:roundIcon
		ADDED from src\main\AndroidManifest.xml:11:9-54
	android:icon
		ADDED from src\main\AndroidManifest.xml:9:9-43
	android:allowBackup
		ADDED from src\main\AndroidManifest.xml:8:9-35
	android:theme
		ADDED from src\main\AndroidManifest.xml:13:9-40
activity#com.example.aplikasiiot.Akunactivity
ADDED from src\main\AndroidManifest.xml:14:9-59
	android:name
		ADDED from src\main\AndroidManifest.xml:14:19-47
activity#com.example.aplikasiiot.SecondActivity
ADDED from src\main\AndroidManifest.xml:15:9-52
	android:name
		ADDED from src\main\AndroidManifest.xml:15:19-49
activity#com.example.aplikasiiot.MainActivity
ADDED from src\main\AndroidManifest.xml:16:9-22:20
	android:name
		ADDED from src\main\AndroidManifest.xml:16:19-47
intent-filter#action:name:android.intent.action.MAIN+category:name:android.intent.category.LAUNCHER
ADDED from src\main\AndroidManifest.xml:17:13-21:29
action#android.intent.action.MAIN
ADDED from src\main\AndroidManifest.xml:18:17-69
	android:name
		ADDED from src\main\AndroidManifest.xml:18:25-66
category#android.intent.category.LAUNCHER
ADDED from src\main\AndroidManifest.xml:20:17-77
	android:name
		ADDED from src\main\AndroidManifest.xml:20:27-74
uses-sdk
INJECTED from src\main\AndroidManifest.xml reason: use-sdk injection requested
INJECTED from src\main\AndroidManifest.xml
INJECTED from src\main\AndroidManifest.xml
MERGED from [androidx.appcompat:appcompat:1.2.0] AndroidManifest.xml:20:5-22:41
MERGED from [androidx.appcompat:appcompat:1.2.0] AndroidManifest.xml:20:5-22:41
MERGED from [androidx.constraintlayout:constraintlayout:1.1.3] AndroidManifest.xml:5:5-7:41
MERGED from [androidx.constraintlayout:constraintlayout:1.1.3] AndroidManifest.xml:5:5-7:41
MERGED from [com.google.firebase:firebase-database:19.3.1] AndroidManifest.xml:19:5-21:41
MERGED from [com.google.firebase:firebase-database:19.3.1] AndroidManifest.xml:19:5-21:41
MERGED from [com.google.firebase:firebase-messaging:20.2.4] AndroidManifest.xml:20:5-44
MERGED from [com.google.firebase:firebase-messaging:20.2.4] AndroidManifest.xml:20:5-44
MERGED from [com.pusher:push-notifications-android:1.6.2] AndroidManifest.xml:7:5-9:41
MERGED from [com.pusher:push-notifications-android:1.6.2] AndroidManifest.xml:7:5-9:41
MERGED from [com.google.firebase:firebase-auth-interop:18.0.0] AndroidManifest.xml:5:5-44
MERGED from [com.google.firebase:firebase-auth-interop:18.0.0] AndroidManifest.xml:5:5-44
MERGED from [com.google.firebase:firebase-database-collection:17.0.1] AndroidManifest.xml:5:5-7:41
MERGED from [com.google.firebase:firebase-database-collection:17.0.1] AndroidManifest.xml:5:5-7:41
MERGED from [com.google.firebase:firebase-iid:20.2.3] AndroidManifest.xml:20:5-44
MERGED from [com.google.firebase:firebase-iid:20.2.3] AndroidManifest.xml:20:5-44
MERGED from [com.google.firebase:firebase-iid-interop:17.0.0] AndroidManifest.xml:5:5-44
MERGED from [com.google.firebase:firebase-iid-interop:17.0.0] AndroidManifest.xml:5:5-44
MERGED from [com.google.android.gms:play-services-base:17.0.0] AndroidManifest.xml:20:5-44
MERGED from [com.google.android.gms:play-services-base:17.0.0] AndroidManifest.xml:20:5-44
MERGED from [com.google.firebase:firebase-datatransport:17.0.3] AndroidManifest.xml:19:5-21:41
MERGED from [com.google.firebase:firebase-datatransport:17.0.3] AndroidManifest.xml:19:5-21:41
MERGED from [com.google.firebase:firebase-installations:16.3.3] AndroidManifest.xml:6:5-8:41
MERGED from [com.google.firebase:firebase-installations:16.3.3] AndroidManifest.xml:6:5-8:41
MERGED from [com.google.firebase:firebase-common:19.3.0] AndroidManifest.xml:20:5-22:41
MERGED from [com.google.firebase:firebase-common:19.3.0] AndroidManifest.xml:20:5-22:41
MERGED from [com.google.firebase:firebase-installations-interop:16.0.0] AndroidManifest.xml:19:5-21:41
MERGED from [com.google.firebase:firebase-installations-interop:16.0.0] AndroidManifest.xml:19:5-21:41
MERGED from [com.google.android.gms:play-services-tasks:17.0.0] AndroidManifest.xml:5:5-44
MERGED from [com.google.android.gms:play-services-tasks:17.0.0] AndroidManifest.xml:5:5-44
MERGED from [com.google.android.gms:play-services-stats:17.0.0] AndroidManifest.xml:5:5-44
MERGED from [com.google.android.gms:play-services-stats:17.0.0] AndroidManifest.xml:5:5-44
MERGED from [com.google.firebase:firebase-measurement-connector:18.0.0] AndroidManifest.xml:20:5-44
MERGED from [com.google.firebase:firebase-measurement-connector:18.0.0] AndroidManifest.xml:20:5-44
MERGED from [com.google.android.gms:play-services-basement:17.0.0] AndroidManifest.xml:20:5-44
MERGED from [com.google.android.gms:play-services-basement:17.0.0] AndroidManifest.xml:20:5-44
MERGED from [androidx.lifecycle:lifecycle-extensions:2.0.0] AndroidManifest.xml:20:5-44
MERGED from [androidx.lifecycle:lifecycle-extensions:2.0.0] AndroidManifest.xml:20:5-44
MERGED from [androidx.fragment:fragment:1.1.0] AndroidManifest.xml:20:5-22:41
MERGED from [androidx.fragment:fragment:1.1.0] AndroidManifest.xml:20:5-22:41
MERGED from [androidx.appcompat:appcompat-resources:1.2.0] AndroidManifest.xml:20:5-22:41
MERGED from [androidx.appcompat:appcompat-resources:1.2.0] AndroidManifest.xml:20:5-22:41
MERGED from [androidx.drawerlayout:drawerlayout:1.0.0] AndroidManifest.xml:20:5-44
MERGED from [androidx.drawerlayout:drawerlayout:1.0.0] AndroidManifest.xml:20:5-44
MERGED from [com.firebase:firebase-jobdispatcher:0.8.5] AndroidManifest.xml:22:5-24:41
MERGED from [com.firebase:firebase-jobdispatcher:0.8.5] AndroidManifest.xml:22:5-24:41
MERGED from [androidx.viewpager:viewpager:1.0.0] AndroidManifest.xml:20:5-44
MERGED from [androidx.viewpager:viewpager:1.0.0] AndroidManifest.xml:20:5-44
MERGED from [androidx.legacy:legacy-support-core-utils:1.0.0] AndroidManifest.xml:20:5-44
MERGED from [androidx.legacy:legacy-support-core-utils:1.0.0] AndroidManifest.xml:20:5-44
MERGED from [androidx.loader:loader:1.0.0] AndroidManifest.xml:20:5-44
MERGED from [androidx.loader:loader:1.0.0] AndroidManifest.xml:20:5-44
MERGED from [androidx.activity:activity:1.0.0] AndroidManifest.xml:20:5-22:41
MERGED from [androidx.activity:activity:1.0.0] AndroidManifest.xml:20:5-22:41
MERGED from [androidx.vectordrawable:vectordrawable-animated:1.1.0] AndroidManifest.xml:20:5-22:41
MERGED from [androidx.vectordrawable:vectordrawable-animated:1.1.0] AndroidManifest.xml:20:5-22:41
MERGED from [androidx.vectordrawable:vectordrawable:1.1.0] AndroidManifest.xml:20:5-22:41
MERGED from [androidx.vectordrawable:vectordrawable:1.1.0] AndroidManifest.xml:20:5-22:41
MERGED from [androidx.customview:customview:1.0.0] AndroidManifest.xml:20:5-44
MERGED from [androidx.customview:customview:1.0.0] AndroidManifest.xml:20:5-44
MERGED from [androidx.core:core:1.3.0] AndroidManifest.xml:20:5-22:41
MERGED from [androidx.core:core:1.3.0] AndroidManifest.xml:20:5-22:41
MERGED from [androidx.cursoradapter:cursoradapter:1.0.0] AndroidManifest.xml:20:5-44
MERGED from [androidx.cursoradapter:cursoradapter:1.0.0] AndroidManifest.xml:20:5-44
MERGED from [com.google.firebase:firebase-components:16.0.0] AndroidManifest.xml:19:5-21:41
MERGED from [com.google.firebase:firebase-components:16.0.0] AndroidManifest.xml:19:5-21:41
MERGED from [com.google.android.datatransport:transport-backend-cct:2.2.0] AndroidManifest.xml:19:5-21:41
MERGED from [com.google.android.datatransport:transport-backend-cct:2.2.0] AndroidManifest.xml:19:5-21:41
MERGED from [com.google.android.datatransport:transport-runtime:2.2.0] AndroidManifest.xml:18:5-20:41
MERGED from [com.google.android.datatransport:transport-runtime:2.2.0] AndroidManifest.xml:18:5-20:41
MERGED from [com.google.firebase:firebase-encoders-json:16.0.0] AndroidManifest.xml:19:5-21:41
MERGED from [com.google.firebase:firebase-encoders-json:16.0.0] AndroidManifest.xml:19:5-21:41
MERGED from [androidx.versionedparcelable:versionedparcelable:1.1.0] AndroidManifest.xml:20:5-22:41
MERGED from [androidx.versionedparcelable:versionedparcelable:1.1.0] AndroidManifest.xml:20:5-22:41
MERGED from [androidx.lifecycle:lifecycle-livedata:2.0.0] AndroidManifest.xml:20:5-44
MERGED from [androidx.lifecycle:lifecycle-livedata:2.0.0] AndroidManifest.xml:20:5-44
MERGED from [androidx.lifecycle:lifecycle-livedata-core:2.0.0] AndroidManifest.xml:20:5-44
MERGED from [androidx.lifecycle:lifecycle-livedata-core:2.0.0] AndroidManifest.xml:20:5-44
MERGED from [androidx.arch.core:core-runtime:2.0.0] AndroidManifest.xml:20:5-44
MERGED from [androidx.arch.core:core-runtime:2.0.0] AndroidManifest.xml:20:5-44
MERGED from [androidx.lifecycle:lifecycle-process:2.0.0] AndroidManifest.xml:20:5-44
MERGED from [androidx.lifecycle:lifecycle-process:2.0.0] AndroidManifest.xml:20:5-44
MERGED from [androidx.lifecycle:lifecycle-service:2.0.0] AndroidManifest.xml:20:5-44
MERGED from [androidx.lifecycle:lifecycle-service:2.0.0] AndroidManifest.xml:20:5-44
MERGED from [androidx.lifecycle:lifecycle-runtime:2.1.0] AndroidManifest.xml:20:5-44
MERGED from [androidx.lifecycle:lifecycle-runtime:2.1.0] AndroidManifest.xml:20:5-44
MERGED from [androidx.lifecycle:lifecycle-viewmodel:2.1.0] AndroidManifest.xml:20:5-44
MERGED from [androidx.lifecycle:lifecycle-viewmodel:2.1.0] AndroidManifest.xml:20:5-44
MERGED from [androidx.savedstate:savedstate:1.0.0] AndroidManifest.xml:20:5-22:41
MERGED from [androidx.savedstate:savedstate:1.0.0] AndroidManifest.xml:20:5-22:41
MERGED from [androidx.interpolator:interpolator:1.0.0] AndroidManifest.xml:20:5-44
MERGED from [androidx.interpolator:interpolator:1.0.0] AndroidManifest.xml:20:5-44
MERGED from [androidx.documentfile:documentfile:1.0.0] AndroidManifest.xml:20:5-44
MERGED from [androidx.documentfile:documentfile:1.0.0] AndroidManifest.xml:20:5-44
MERGED from [androidx.localbroadcastmanager:localbroadcastmanager:1.0.0] AndroidManifest.xml:20:5-44
MERGED from [androidx.localbroadcastmanager:localbroadcastmanager:1.0.0] AndroidManifest.xml:20:5-44
MERGED from [androidx.print:print:1.0.0] AndroidManifest.xml:20:5-44
MERGED from [androidx.print:print:1.0.0] AndroidManifest.xml:20:5-44
MERGED from [com.google.android.datatransport:transport-api:2.2.0] AndroidManifest.xml:18:5-20:41
MERGED from [com.google.android.datatransport:transport-api:2.2.0] AndroidManifest.xml:18:5-20:41
INJECTED from src\main\AndroidManifest.xml
INJECTED from src\main\AndroidManifest.xml
	android:targetSdkVersion
		INJECTED from src\main\AndroidManifest.xml
		ADDED from src\main\AndroidManifest.xml
		INJECTED from src\main\AndroidManifest.xml
	android:minSdkVersion
		INJECTED from src\main\AndroidManifest.xml
		ADDED from src\main\AndroidManifest.xml
		INJECTED from src\main\AndroidManifest.xml
uses-permission#android.permission.ACCESS_NETWORK_STATE
ADDED from [com.google.firebase:firebase-database:19.3.1] AndroidManifest.xml:25:5-79
MERGED from [com.google.firebase:firebase-iid:20.2.3] AndroidManifest.xml:22:5-79
MERGED from [com.google.firebase:firebase-iid:20.2.3] AndroidManifest.xml:22:5-79
MERGED from [com.google.firebase:firebase-installations:16.3.3] AndroidManifest.xml:10:5-79
MERGED from [com.google.firebase:firebase-installations:16.3.3] AndroidManifest.xml:10:5-79
MERGED from [com.google.android.datatransport:transport-backend-cct:2.2.0] AndroidManifest.xml:25:5-79
MERGED from [com.google.android.datatransport:transport-backend-cct:2.2.0] AndroidManifest.xml:25:5-79
MERGED from [com.google.android.datatransport:transport-runtime:2.2.0] AndroidManifest.xml:22:5-79
MERGED from [com.google.android.datatransport:transport-runtime:2.2.0] AndroidManifest.xml:22:5-79
	android:name
		ADDED from [com.google.firebase:firebase-database:19.3.1] AndroidManifest.xml:25:22-76
service#com.google.firebase.components.ComponentDiscoveryService
ADDED from [com.google.firebase:firebase-database:19.3.1] AndroidManifest.xml:29:9-35:19
MERGED from [com.google.firebase:firebase-messaging:20.2.4] AndroidManifest.xml:36:9-42:19
MERGED from [com.google.firebase:firebase-messaging:20.2.4] AndroidManifest.xml:36:9-42:19
MERGED from [com.google.firebase:firebase-iid:20.2.3] AndroidManifest.xml:29:9-35:19
MERGED from [com.google.firebase:firebase-iid:20.2.3] AndroidManifest.xml:29:9-35:19
MERGED from [com.google.firebase:firebase-datatransport:17.0.3] AndroidManifest.xml:25:9-31:19
MERGED from [com.google.firebase:firebase-datatransport:17.0.3] AndroidManifest.xml:25:9-31:19
MERGED from [com.google.firebase:firebase-installations:16.3.3] AndroidManifest.xml:14:9-20:19
MERGED from [com.google.firebase:firebase-installations:16.3.3] AndroidManifest.xml:14:9-20:19
MERGED from [com.google.firebase:firebase-common:19.3.0] AndroidManifest.xml:32:9-36:35
MERGED from [com.google.firebase:firebase-common:19.3.0] AndroidManifest.xml:32:9-36:35
	android:exported
		ADDED from [com.google.firebase:firebase-database:19.3.1] AndroidManifest.xml:31:13-37
	tools:targetApi
		ADDED from [com.google.firebase:firebase-common:19.3.0] AndroidManifest.xml:36:13-32
	android:directBootAware
		ADDED from [com.google.firebase:firebase-common:19.3.0] AndroidManifest.xml:34:13-43
	android:name
		ADDED from [com.google.firebase:firebase-database:19.3.1] AndroidManifest.xml:30:13-84
meta-data#com.google.firebase.components:com.google.firebase.database.DatabaseRegistrar
ADDED from [com.google.firebase:firebase-database:19.3.1] AndroidManifest.xml:32:13-34:85
	android:value
		ADDED from [com.google.firebase:firebase-database:19.3.1] AndroidManifest.xml:34:17-82
	android:name
		ADDED from [com.google.firebase:firebase-database:19.3.1] AndroidManifest.xml:33:17-109
service#com.google.firebase.messaging.FirebaseMessagingService
ADDED from [com.google.firebase:firebase-messaging:20.2.4] AndroidManifest.xml:28:9-35:19
	android:exported
		ADDED from [com.google.firebase:firebase-messaging:20.2.4] AndroidManifest.xml:31:13-37
	android:directBootAware
		ADDED from [com.google.firebase:firebase-messaging:20.2.4] AndroidManifest.xml:30:13-43
	android:name
		ADDED from [com.google.firebase:firebase-messaging:20.2.4] AndroidManifest.xml:29:13-82
intent-filter#action:name:com.google.firebase.MESSAGING_EVENT
ADDED from [com.google.firebase:firebase-messaging:20.2.4] AndroidManifest.xml:32:13-34:29
	android:priority
		ADDED from [com.google.firebase:firebase-messaging:20.2.4] AndroidManifest.xml:32:28-51
action#com.google.firebase.MESSAGING_EVENT
ADDED from [com.google.firebase:firebase-messaging:20.2.4] AndroidManifest.xml:33:17-78
	android:name
		ADDED from [com.google.firebase:firebase-messaging:20.2.4] AndroidManifest.xml:33:25-75
meta-data#com.google.firebase.components:com.google.firebase.messaging.FirebaseMessagingRegistrar
ADDED from [com.google.firebase:firebase-messaging:20.2.4] AndroidManifest.xml:39:13-41:85
	android:value
		ADDED from [com.google.firebase:firebase-messaging:20.2.4] AndroidManifest.xml:41:17-82
	android:name
		ADDED from [com.google.firebase:firebase-messaging:20.2.4] AndroidManifest.xml:40:17-119
permission#${applicationId}.permission.C2D_MESSAGE
ADDED from [com.pusher:push-notifications-android:1.6.2] AndroidManifest.xml:11:5-13:47
	android:protectionLevel
		ADDED from [com.pusher:push-notifications-android:1.6.2] AndroidManifest.xml:13:9-44
	android:name
		ADDED from [com.pusher:push-notifications-android:1.6.2] AndroidManifest.xml:12:9-63
permission#com.example.aplikasiiot.permission.C2D_MESSAGE
ADDED from [com.pusher:push-notifications-android:1.6.2] AndroidManifest.xml:11:5-13:47
	android:protectionLevel
		ADDED from [com.pusher:push-notifications-android:1.6.2] AndroidManifest.xml:13:9-44
	android:name
		ADDED from [com.pusher:push-notifications-android:1.6.2] AndroidManifest.xml:12:9-63
uses-permission#${applicationId}.permission.C2D_MESSAGE
ADDED from [com.pusher:push-notifications-android:1.6.2] AndroidManifest.xml:15:5-79
	android:name
		ADDED from [com.pusher:push-notifications-android:1.6.2] AndroidManifest.xml:15:22-76
uses-permission#com.example.aplikasiiot.permission.C2D_MESSAGE
ADDED from [com.pusher:push-notifications-android:1.6.2] AndroidManifest.xml:15:5-79
	android:name
		ADDED from [com.pusher:push-notifications-android:1.6.2] AndroidManifest.xml:15:22-76
receiver#com.pusher.pushnotifications.reporting.FCMMessageReceiver
ADDED from [com.pusher:push-notifications-android:1.6.2] AndroidManifest.xml:19:9-28:20
	android:exported
		ADDED from [com.pusher:push-notifications-android:1.6.2] AndroidManifest.xml:21:13-36
	android:permission
		ADDED from [com.pusher:push-notifications-android:1.6.2] AndroidManifest.xml:22:13-73
	android:name
		ADDED from [com.pusher:push-notifications-android:1.6.2] AndroidManifest.xml:20:13-85
intent-filter#action:name:com.google.android.c2dm.intent.RECEIVE+category:name:${applicationId}
ADDED from [com.pusher:push-notifications-android:1.6.2] AndroidManifest.xml:23:13-27:29
intent-filter#action:name:com.google.android.c2dm.intent.RECEIVE+category:name:com.example.aplikasiiot
ADDED from [com.pusher:push-notifications-android:1.6.2] AndroidManifest.xml:23:13-27:29
action#com.google.android.c2dm.intent.RECEIVE
ADDED from [com.pusher:push-notifications-android:1.6.2] AndroidManifest.xml:24:17-81
	android:name
		ADDED from [com.pusher:push-notifications-android:1.6.2] AndroidManifest.xml:24:25-78
category#${applicationId}
ADDED from [com.pusher:push-notifications-android:1.6.2] AndroidManifest.xml:26:17-61
	android:name
		ADDED from [com.pusher:push-notifications-android:1.6.2] AndroidManifest.xml:26:27-58
category#com.example.aplikasiiot
ADDED from [com.pusher:push-notifications-android:1.6.2] AndroidManifest.xml:26:17-61
	android:name
		ADDED from [com.pusher:push-notifications-android:1.6.2] AndroidManifest.xml:26:27-58
service#com.pusher.pushnotifications.reporting.ReportingJobService
ADDED from [com.pusher:push-notifications-android:1.6.2] AndroidManifest.xml:30:9-37:19
	android:exported
		ADDED from [com.pusher:push-notifications-android:1.6.2] AndroidManifest.xml:32:13-36
	android:permission
		ADDED from [com.pusher:push-notifications-android:1.6.2] AndroidManifest.xml:33:13-69
	android:name
		ADDED from [com.pusher:push-notifications-android:1.6.2] AndroidManifest.xml:31:13-86
intent-filter#action:name:com.firebase.jobdispatcher.ACTION_EXECUTE
ADDED from [com.pusher:push-notifications-android:1.6.2] AndroidManifest.xml:34:13-36:29
action#com.firebase.jobdispatcher.ACTION_EXECUTE
ADDED from [com.pusher:push-notifications-android:1.6.2] AndroidManifest.xml:35:17-84
	android:name
		ADDED from [com.pusher:push-notifications-android:1.6.2] AndroidManifest.xml:35:25-81
service#com.pusher.pushnotifications.fcm.EmptyMessagingService
ADDED from [com.pusher:push-notifications-android:1.6.2] AndroidManifest.xml:38:9-42:19
	android:name
		ADDED from [com.pusher:push-notifications-android:1.6.2] AndroidManifest.xml:38:18-87
provider#com.pusher.pushnotifications.internal.PushNotificationsInitProvider
ADDED from [com.pusher:push-notifications-android:1.6.2] AndroidManifest.xml:44:9-48:38
	android:authorities
		ADDED from [com.pusher:push-notifications-android:1.6.2] AndroidManifest.xml:46:13-81
	android:exported